<?xml version="1.0" encoding="UTF-8"?>
<robot generator="Robot 7.3.2 (Python 3.14.0 on win32)" generated="2025-12-09T18:21:38.194038" rpa="false" schemaversion="5">
<suite id="s1" name="Cost-Center" source="c:\Users\igorm\Desktop\tqc-blacklist-main\tqc-blacklist-main\robot-framework-testes-frontend\tests\cost-center\cost-center.robot">
<kw name="Abrir Navegador" owner="common" type="SETUP">
<kw name="Open Browser" owner="SeleniumLibrary">
<msg time="2025-12-09T18:21:39.572972" level="INFO">Opening browser 'Chrome' to base url 'https://blacklist.qacoders.dev.br'.</msg>
<arg>${BASE_URL_UI}</arg>
<arg>Chrome</arg>
<doc>Opens a new browser instance to the optional ``url``.</doc>
<status status="PASS" start="2025-12-09T18:21:39.572244" elapsed="5.012314"/>
</kw>
<kw name="Maximize Browser Window" owner="SeleniumLibrary">
<doc>Maximizes current browser window.</doc>
<status status="PASS" start="2025-12-09T18:21:44.585723" elapsed="0.091736"/>
</kw>
<status status="PASS" start="2025-12-09T18:21:39.570049" elapsed="5.108142"/>
</kw>
<test id="s1-t1" name="Cenario 02: Cadastrar Novo Centro de Custo" line="17">
<kw name="Realizar Login" owner="login">
<kw name="Go To" owner="SeleniumLibrary">
<msg time="2025-12-09T18:21:44.683077" level="INFO">Opening url 'https://blacklist.qacoders.dev.br/login'</msg>
<arg>${BASE_URL_UI}/login</arg>
<doc>Navigates the current browser window to the provided ``url``.</doc>
<status status="PASS" start="2025-12-09T18:21:44.682393" elapsed="1.306027"/>
</kw>
<kw name="Wait Until Element Is Visible" owner="SeleniumLibrary">
<arg>id:email</arg>
<arg>timeout=10s</arg>
<doc>Waits until the element ``locator`` is visible.</doc>
<status status="PASS" start="2025-12-09T18:21:45.988939" elapsed="0.120871"/>
</kw>
<kw name="Input Text" owner="SeleniumLibrary">
<msg time="2025-12-09T18:21:46.111934" level="INFO">Typing text 'automacao2025_@qacoders.com' into text field 'id:email'.</msg>
<arg>id:email</arg>
<arg>${FRONTEND_EMAIL}</arg>
<doc>Types the given ``text`` into the text field identified by ``locator``.</doc>
<status status="PASS" start="2025-12-09T18:21:46.110647" elapsed="0.506806"/>
</kw>
<kw name="Wait Until Element Is Visible" owner="SeleniumLibrary">
<arg>id:password</arg>
<arg>timeout=10s</arg>
<doc>Waits until the element ``locator`` is visible.</doc>
<status status="PASS" start="2025-12-09T18:21:46.618077" elapsed="0.040849"/>
</kw>
<kw name="Input Text" owner="SeleniumLibrary">
<msg time="2025-12-09T18:21:46.659901" level="INFO">Typing text '$Auto123' into text field 'id:password'.</msg>
<arg>id:password</arg>
<arg>${FRONTEND_PASSWORD}</arg>
<doc>Types the given ``text`` into the text field identified by ``locator``.</doc>
<status status="PASS" start="2025-12-09T18:21:46.659408" elapsed="0.164776"/>
</kw>
<kw name="Wait Until Element Is Visible" owner="SeleniumLibrary">
<arg>id:login</arg>
<arg>timeout=10s</arg>
<doc>Waits until the element ``locator`` is visible.</doc>
<status status="PASS" start="2025-12-09T18:21:46.824862" elapsed="0.036502"/>
</kw>
<kw name="Click Button" owner="SeleniumLibrary">
<msg time="2025-12-09T18:21:46.862709" level="INFO">Clicking button 'id:login'.</msg>
<arg>id:login</arg>
<doc>Clicks the button identified by ``locator``.</doc>
<status status="PASS" start="2025-12-09T18:21:46.862051" elapsed="0.178458"/>
</kw>
<status status="PASS" start="2025-12-09T18:21:44.680830" elapsed="2.360221"/>
</kw>
<kw name="Verificar Redirecionamento Para Home" owner="login">
<kw name="Wait Until Location Is" owner="SeleniumLibrary">
<arg>${BASE_URL_UI}/home</arg>
<arg>timeout=10s</arg>
<doc>Waits until the current URL is ``expected``.</doc>
<status status="PASS" start="2025-12-09T18:21:47.044614" elapsed="1.785924"/>
</kw>
<kw name="Location Should Be" owner="SeleniumLibrary">
<msg time="2025-12-09T18:21:48.849930" level="INFO">Current location is 'https://blacklist.qacoders.dev.br/home'.</msg>
<arg>${BASE_URL_UI}/home</arg>
<doc>Verifies that the current URL is exactly ``url``.</doc>
<status status="PASS" start="2025-12-09T18:21:48.831151" elapsed="0.019310"/>
</kw>
<status status="PASS" start="2025-12-09T18:21:47.042438" elapsed="1.808384"/>
</kw>
<kw name="Verificar Elemento Cadastros Visivel" owner="login">
<kw name="Wait Until Element Is Visible" owner="SeleniumLibrary">
<arg>id:Cadastros</arg>
<arg>timeout=10s</arg>
<doc>Waits until the element ``locator`` is visible.</doc>
<status status="PASS" start="2025-12-09T18:21:48.853829" elapsed="0.065914"/>
</kw>
<kw name="Element Text Should Be" owner="SeleniumLibrary">
<msg time="2025-12-09T18:21:48.923383" level="INFO">Verifying element 'id:Cadastros' contains exact text 'Cadastros'.</msg>
<arg>id:Cadastros</arg>
<arg>Cadastros</arg>
<doc>Verifies that element ``locator`` contains exact the text ``expected``.</doc>
<status status="PASS" start="2025-12-09T18:21:48.920733" elapsed="0.071833"/>
</kw>
<status status="PASS" start="2025-12-09T18:21:48.852687" elapsed="0.140452"/>
</kw>
<kw name="Acessar Pagina Centro de Custo" owner="cost-center">
<kw name="Click Element" owner="SeleniumLibrary">
<msg time="2025-12-09T18:21:48.996505" level="INFO">Clicking element 'id:Cadastros'.</msg>
<arg>id:Cadastros</arg>
<doc>Click the element identified by ``locator``.</doc>
<status status="PASS" start="2025-12-09T18:21:48.995635" elapsed="0.254146"/>
</kw>
<kw name="Wait Until Element Is Visible" owner="SeleniumLibrary">
<arg>id:Centro de Custo</arg>
<arg>timeout=10s</arg>
<doc>Waits until the element ``locator`` is visible.</doc>
<status status="PASS" start="2025-12-09T18:21:49.250308" elapsed="0.315560"/>
</kw>
<kw name="Click Element" owner="SeleniumLibrary">
<msg time="2025-12-09T18:21:49.567091" level="INFO">Clicking element 'id:Centro de Custo'.</msg>
<arg>id:Centro de Custo</arg>
<doc>Click the element identified by ``locator``.</doc>
<status status="PASS" start="2025-12-09T18:21:49.566525" elapsed="0.314412"/>
</kw>
<kw name="Wait Until Location Is" owner="SeleniumLibrary">
<arg>${BASE_URL_UI}/costCenter</arg>
<arg>timeout=10s</arg>
<doc>Waits until the current URL is ``expected``.</doc>
<status status="PASS" start="2025-12-09T18:21:49.881778" elapsed="0.465236"/>
</kw>
<kw name="Location Should Be" owner="SeleniumLibrary">
<msg time="2025-12-09T18:21:50.358526" level="INFO">Current location is 'https://blacklist.qacoders.dev.br/costCenter'.</msg>
<arg>${BASE_URL_UI}/costCenter</arg>
<doc>Verifies that the current URL is exactly ``url``.</doc>
<status status="PASS" start="2025-12-09T18:21:50.347639" elapsed="0.011331"/>
</kw>
<kw name="Wait Until Element Is Visible" owner="SeleniumLibrary">
<arg>xpath://h1[text()='Centro de Custo']</arg>
<arg>timeout=10s</arg>
<doc>Waits until the element ``locator`` is visible.</doc>
<status status="PASS" start="2025-12-09T18:21:50.359399" elapsed="0.048055"/>
</kw>
<kw name="Element Should Be Visible" owner="SeleniumLibrary">
<msg time="2025-12-09T18:21:50.458324" level="INFO">Element 'xpath://h1[text()='Centro de Custo']' is displayed.</msg>
<arg>xpath://h1[text()='Centro de Custo']</arg>
<doc>Verifies that the element identified by ``locator`` is visible.</doc>
<status status="PASS" start="2025-12-09T18:21:50.408187" elapsed="0.050887"/>
</kw>
<status status="PASS" start="2025-12-09T18:21:48.994526" elapsed="1.465167"/>
</kw>
<kw name="Cadastrar Novo Centro de Custo" owner="cost-center">
<kw name="Sleep" owner="BuiltIn">
<msg time="2025-12-09T18:21:52.472846" level="INFO">Slept 2 seconds.</msg>
<arg>2s</arg>
<doc>Pauses the test executed for the given time.</doc>
<status status="PASS" start="2025-12-09T18:21:50.469370" elapsed="2.004192"/>
</kw>
<kw name="Set Variable" owner="BuiltIn">
<msg time="2025-12-09T18:21:52.475075" level="INFO">${SELETOR_BOTAO} = xpath://button[normalize-space()='Novo Centro de Custo']</msg>
<var>${SELETOR_BOTAO}</var>
<arg>xpath://button[normalize-space()='Novo Centro de Custo']</arg>
<doc>Returns the given values which can then be assigned to a variables.</doc>
<status status="PASS" start="2025-12-09T18:21:52.474261" elapsed="0.001133"/>
</kw>
<kw name="Wait Until Element Is Visible" owner="SeleniumLibrary">
<arg>${SELETOR_BOTAO}</arg>
<arg>timeout=10s</arg>
<doc>Waits until the element ``locator`` is visible.</doc>
<status status="PASS" start="2025-12-09T18:21:52.475986" elapsed="0.071608"/>
</kw>
<kw name="Click Button" owner="SeleniumLibrary">
<msg time="2025-12-09T18:21:52.549293" level="INFO">Clicking button 'xpath://button[normalize-space()='Novo Centro de Custo']'.</msg>
<arg>${SELETOR_BOTAO}</arg>
<doc>Clicks the button identified by ``locator``.</doc>
<status status="PASS" start="2025-12-09T18:21:52.548471" elapsed="0.262087"/>
</kw>
<kw name="Wait Until Element Is Visible" owner="SeleniumLibrary">
<arg>xpath://h2[text()='Novo Centro de Custo']</arg>
<arg>timeout=10s</arg>
<doc>Waits until the element ``locator`` is visible.</doc>
<status status="PASS" start="2025-12-09T18:21:52.811428" elapsed="0.075302"/>
</kw>
<kw name="Element Should Be Visible" owner="SeleniumLibrary">
<msg time="2025-12-09T18:21:52.914687" level="INFO">Element 'xpath://h2[text()='Novo Centro de Custo']' is displayed.</msg>
<arg>xpath://h2[text()='Novo Centro de Custo']</arg>
<doc>Verifies that the element identified by ``locator`` is visible.</doc>
<status status="PASS" start="2025-12-09T18:21:52.887456" elapsed="0.027616"/>
</kw>
<kw name="Gerar Nome Centro de Custo" owner="generate_random_data">
<kw name="Word" owner="FakerLibrary">
<msg time="2025-12-09T18:21:52.916643" level="INFO">${word1} = odio</msg>
<var>${word1}</var>
<doc>Generate a word.</doc>
<status status="PASS" start="2025-12-09T18:21:52.916064" elapsed="0.001678"/>
</kw>
<kw name="Word" owner="FakerLibrary">
<msg time="2025-12-09T18:21:52.918924" level="INFO">${word2} = eligendi</msg>
<var>${word2}</var>
<doc>Generate a word.</doc>
<status status="PASS" start="2025-12-09T18:21:52.918204" elapsed="0.001136"/>
</kw>
<kw name="Catenate" owner="BuiltIn">
<msg time="2025-12-09T18:21:52.920444" level="INFO">${costCenterName} = odio eligendi</msg>
<var>${costCenterName}</var>
<arg>${word1}</arg>
<arg>${word2}</arg>
<doc>Catenates the given items together and returns the resulted string.</doc>
<status status="PASS" start="2025-12-09T18:21:52.919785" elapsed="0.001090"/>
</kw>
<return>
<value>${costCenterName}</value>
<status status="PASS" start="2025-12-09T18:21:52.921695" elapsed="0.000430"/>
</return>
<msg time="2025-12-09T18:21:52.922812" level="INFO">${costCenterName} = odio eligendi</msg>
<var>${costCenterName}</var>
<status status="PASS" start="2025-12-09T18:21:52.915495" elapsed="0.007679"/>
</kw>
<kw name="Input Text" owner="SeleniumLibrary">
<msg time="2025-12-09T18:21:52.924512" level="INFO">Typing text 'odio eligendi' into text field 'id:costCentername'.</msg>
<arg>id:costCentername</arg>
<arg>${costCenterName}</arg>
<doc>Types the given ``text`` into the text field identified by ``locator``.</doc>
<status status="PASS" start="2025-12-09T18:21:52.923800" elapsed="0.366034"/>
</kw>
<kw name="Wait Until Element Is Visible" owner="SeleniumLibrary">
<arg>id:Diretoria</arg>
<arg>timeout=10s</arg>
<doc>Waits until the element ``locator`` is visible.</doc>
<status status="PASS" start="2025-12-09T18:21:53.290452" elapsed="0.049856"/>
</kw>
<kw name="Get List Items" owner="SeleniumLibrary">
<msg time="2025-12-09T18:21:53.441589" level="INFO">${itens} = ['Diretoria', 'Operações HID']</msg>
<var>${itens}</var>
<arg>id:Diretoria</arg>
<doc>Returns all labels or values of selection list ``locator``.</doc>
<status status="PASS" start="2025-12-09T18:21:53.340882" elapsed="0.101012"/>
</kw>
<kw name="Create List" owner="BuiltIn">
<msg time="2025-12-09T18:21:53.443502" level="INFO">${itens_filtrados} = []</msg>
<var>${itens_filtrados}</var>
<doc>Returns a list containing given items.</doc>
<status status="PASS" start="2025-12-09T18:21:53.442625" elapsed="0.001252"/>
</kw>
<for flavor="IN">
<iter>
<kw name="Run Keyword If" owner="BuiltIn">
<arg>'${item}' != '' and '${item}' != 'Diretoria'</arg>
<arg>Append To List</arg>
<arg>${itens_filtrados}</arg>
<arg>${item}</arg>
<doc>Runs the given keyword with the given arguments, if ``condition`` is true.</doc>
<status status="PASS" start="2025-12-09T18:21:53.445451" elapsed="0.002325"/>
</kw>
<var name="${item}">Diretoria</var>
<status status="PASS" start="2025-12-09T18:21:53.444996" elapsed="0.003235"/>
</iter>
<iter>
<kw name="Run Keyword If" owner="BuiltIn">
<kw name="Append To List" owner="Collections">
<arg>${itens_filtrados}</arg>
<arg>${item}</arg>
<doc>Adds ``values`` to the end of ``list``.</doc>
<status status="PASS" start="2025-12-09T18:21:53.451669" elapsed="0.000983"/>
</kw>
<arg>'${item}' != '' and '${item}' != 'Diretoria'</arg>
<arg>Append To List</arg>
<arg>${itens_filtrados}</arg>
<arg>${item}</arg>
<doc>Runs the given keyword with the given arguments, if ``condition`` is true.</doc>
<status status="PASS" start="2025-12-09T18:21:53.449048" elapsed="0.003892"/>
</kw>
<var name="${item}">Operações HID</var>
<status status="PASS" start="2025-12-09T18:21:53.448612" elapsed="0.004516"/>
</iter>
<var>${item}</var>
<value>@{itens}</value>
<status status="PASS" start="2025-12-09T18:21:53.444373" elapsed="0.008945"/>
</for>
<kw name="Get From List" owner="Collections">
<msg time="2025-12-09T18:21:53.454185" level="INFO">${primeiro} = Operações HID</msg>
<var>${primeiro}</var>
<arg>${itens_filtrados}</arg>
<arg>0</arg>
<doc>Returns the value specified with an ``index`` from ``list``.</doc>
<status status="PASS" start="2025-12-09T18:21:53.453689" elapsed="0.000691"/>
</kw>
<kw name="Select From List By Label" owner="SeleniumLibrary">
<msg time="2025-12-09T18:21:53.455480" level="INFO">Selecting options from selection list 'id:Diretoria' by label Operações HID.</msg>
<arg>id:Diretoria</arg>
<arg>${primeiro}</arg>
<doc>Selects options from selection list ``locator`` by ``labels``.</doc>
<status status="PASS" start="2025-12-09T18:21:53.454790" elapsed="0.196293"/>
</kw>
<kw name="Wait Until Element Is Visible" owner="SeleniumLibrary">
<arg>xpath://button[text()='Salvar']</arg>
<arg>timeout=10s</arg>
<doc>Waits until the element ``locator`` is visible.</doc>
<status status="PASS" start="2025-12-09T18:21:53.651622" elapsed="0.045063"/>
</kw>
<kw name="Click Button" owner="SeleniumLibrary">
<msg time="2025-12-09T18:21:53.698546" level="INFO">Clicking button 'xpath://button[text()='Salvar']'.</msg>
<arg>xpath://button[text()='Salvar']</arg>
<doc>Clicks the button identified by ``locator``.</doc>
<status status="PASS" start="2025-12-09T18:21:53.697555" elapsed="0.206602"/>
</kw>
<kw name="Sleep" owner="BuiltIn">
<msg time="2025-12-09T18:21:58.905372" level="INFO">Slept 5 seconds.</msg>
<arg>5s</arg>
<doc>Pauses the test executed for the given time.</doc>
<status status="PASS" start="2025-12-09T18:21:53.904675" elapsed="5.001127"/>
</kw>
<kw name="Validar Ultimo Item Da Lista" owner="cost-center">
<kw name="Wait Until Element Is Visible" owner="SeleniumLibrary">
<arg>xpath://ul/li[last()]/p</arg>
<arg>timeout=10s</arg>
<doc>Waits until the element ``locator`` is visible.</doc>
<status status="PASS" start="2025-12-09T18:21:58.907172" elapsed="0.063113"/>
</kw>
<kw name="Get Text" owner="SeleniumLibrary">
<msg time="2025-12-09T18:21:59.011055" level="INFO">${nome_atual} = odio eligendi</msg>
<var>${nome_atual}</var>
<arg>xpath://ul/li[last()]/p</arg>
<doc>Returns the text value of the element identified by ``locator``.</doc>
<status status="PASS" start="2025-12-09T18:21:58.970801" elapsed="0.040740"/>
</kw>
<kw name="Should Be Equal" owner="BuiltIn">
<arg>${nome_atual}</arg>
<arg>${nome_esperado}</arg>
<doc>Fails if the given objects are unequal.</doc>
<status status="PASS" start="2025-12-09T18:21:59.012149" elapsed="0.000796"/>
</kw>
<arg>${costCenterName}</arg>
<status status="PASS" start="2025-12-09T18:21:58.906299" elapsed="0.106980"/>
</kw>
<status status="PASS" start="2025-12-09T18:21:50.464909" elapsed="8.548587"/>
</kw>
<status status="PASS" start="2025-12-09T18:21:44.679036" elapsed="14.335421"/>
</test>
<kw name="Fechar Navegador" owner="common" type="TEARDOWN">
<kw name="Close Browser" owner="SeleniumLibrary">
<doc>Closes the current browser.</doc>
<status status="PASS" start="2025-12-09T18:21:59.022836" elapsed="2.514854"/>
</kw>
<status status="PASS" start="2025-12-09T18:21:59.021249" elapsed="2.517332"/>
</kw>
<status status="PASS" start="2025-12-09T18:21:38.208413" elapsed="23.330621"/>
</suite>
<statistics>
<total>
<stat pass="1" fail="0" skip="0">All Tests</stat>
</total>
<tag>
</tag>
<suite>
<stat name="Cost-Center" id="s1" pass="1" fail="0" skip="0">Cost-Center</stat>
</suite>
</statistics>
<errors>
</errors>
</robot>
