<?xml version="1.0" encoding="UTF-8"?>
<robot generator="Robot 7.3.2 (Python 3.14.0 on win32)" generated="2025-12-18T23:28:24.360349" rpa="false" schemaversion="5">
<suite id="s1" name="Company" source="c:\Users\igorm\Desktop\tqc-blacklist-main\tqc-blacklist-main\robot-framework-testes-frontend\tests\company\company.robot">
<test id="s1-t1" name="Cenario 02: Editar Cadastro de Empresa" line="18">
<kw name="Abrir Navegador" owner="common" type="SETUP">
<kw name="Open Browser" owner="SeleniumLibrary">
<msg time="2025-12-18T23:28:25.578450" level="INFO">Opening browser 'Chrome' to base url 'https://blacklist.qacoders.dev.br'.</msg>
<arg>${BASE_URL_UI}</arg>
<arg>Chrome</arg>
<doc>Opens a new browser instance to the optional ``url``.</doc>
<status status="PASS" start="2025-12-18T23:28:25.577633" elapsed="3.478071"/>
</kw>
<kw name="Maximize Browser Window" owner="SeleniumLibrary">
<doc>Maximizes current browser window.</doc>
<status status="PASS" start="2025-12-18T23:28:29.056317" elapsed="0.055741"/>
</kw>
<status status="PASS" start="2025-12-18T23:28:25.574653" elapsed="3.538083"/>
</kw>
<kw name="Realizar Login" owner="login">
<kw name="Go To" owner="SeleniumLibrary">
<msg time="2025-12-18T23:28:29.116428" level="INFO">Opening url 'https://blacklist.qacoders.dev.br/login'</msg>
<arg>${BASE_URL_UI}/login</arg>
<doc>Navigates the current browser window to the provided ``url``.</doc>
<status status="PASS" start="2025-12-18T23:28:29.115453" elapsed="1.246512"/>
</kw>
<kw name="Wait Until Element Is Visible" owner="SeleniumLibrary">
<arg>id:email</arg>
<arg>timeout=10s</arg>
<doc>Waits until the element ``locator`` is visible.</doc>
<status status="PASS" start="2025-12-18T23:28:30.362719" elapsed="0.085965"/>
</kw>
<kw name="Input Text" owner="SeleniumLibrary">
<msg time="2025-12-18T23:28:30.449868" level="INFO">Typing text 'sysadmin@qacoders.com' into text field 'id:email'.</msg>
<arg>id:email</arg>
<arg>${FRONTEND_EMAIL}</arg>
<doc>Types the given ``text`` into the text field identified by ``locator``.</doc>
<status status="PASS" start="2025-12-18T23:28:30.449258" elapsed="0.351549"/>
</kw>
<kw name="Wait Until Element Is Visible" owner="SeleniumLibrary">
<arg>id:password</arg>
<arg>timeout=10s</arg>
<doc>Waits until the element ``locator`` is visible.</doc>
<status status="PASS" start="2025-12-18T23:28:30.801507" elapsed="0.097912"/>
</kw>
<kw name="Input Text" owner="SeleniumLibrary">
<msg time="2025-12-18T23:28:30.900922" level="INFO">Typing text '1234@Test' into text field 'id:password'.</msg>
<arg>id:password</arg>
<arg>${FRONTEND_PASSWORD}</arg>
<doc>Types the given ``text`` into the text field identified by ``locator``.</doc>
<status status="PASS" start="2025-12-18T23:28:30.900046" elapsed="0.195385"/>
</kw>
<kw name="Wait Until Element Is Visible" owner="SeleniumLibrary">
<arg>id:login</arg>
<arg>timeout=10s</arg>
<doc>Waits until the element ``locator`` is visible.</doc>
<status status="PASS" start="2025-12-18T23:28:31.096058" elapsed="0.035499"/>
</kw>
<kw name="Click Button" owner="SeleniumLibrary">
<msg time="2025-12-18T23:28:31.132399" level="INFO">Clicking button 'id:login'.</msg>
<arg>id:login</arg>
<doc>Clicks the button identified by ``locator``.</doc>
<status status="PASS" start="2025-12-18T23:28:31.132004" elapsed="0.179591"/>
</kw>
<status status="PASS" start="2025-12-18T23:28:29.114133" elapsed="2.197872"/>
</kw>
<kw name="Verificar Redirecionamento Para Home" owner="login">
<kw name="Wait Until Location Is" owner="SeleniumLibrary">
<arg>${BASE_URL_UI}/home</arg>
<arg>timeout=10s</arg>
<doc>Waits until the current URL is ``expected``.</doc>
<status status="PASS" start="2025-12-18T23:28:31.314227" elapsed="1.489967"/>
</kw>
<kw name="Location Should Be" owner="SeleniumLibrary">
<msg time="2025-12-18T23:28:32.816788" level="INFO">Current location is 'https://blacklist.qacoders.dev.br/home'.</msg>
<arg>${BASE_URL_UI}/home</arg>
<doc>Verifies that the current URL is exactly ``url``.</doc>
<status status="PASS" start="2025-12-18T23:28:32.804837" elapsed="0.012475"/>
</kw>
<status status="PASS" start="2025-12-18T23:28:31.313091" elapsed="1.504502"/>
</kw>
<kw name="Verificar Elemento Cadastros Visivel" owner="login">
<kw name="Wait Until Element Is Visible" owner="SeleniumLibrary">
<arg>id:Cadastros</arg>
<arg>timeout=10s</arg>
<doc>Waits until the element ``locator`` is visible.</doc>
<status status="PASS" start="2025-12-18T23:28:32.820061" elapsed="0.059217"/>
</kw>
<kw name="Element Text Should Be" owner="SeleniumLibrary">
<msg time="2025-12-18T23:28:32.881400" level="INFO">Verifying element 'id:Cadastros' contains exact text 'Cadastros'.</msg>
<arg>id:Cadastros</arg>
<arg>Cadastros</arg>
<doc>Verifies that element ``locator`` contains exact the text ``expected``.</doc>
<status status="PASS" start="2025-12-18T23:28:32.880089" elapsed="0.055140"/>
</kw>
<status status="PASS" start="2025-12-18T23:28:32.818809" elapsed="0.116879"/>
</kw>
<kw name="Acessar Pagina Empresas" owner="company">
<kw name="Click Element" owner="SeleniumLibrary">
<msg time="2025-12-18T23:28:32.939758" level="INFO">Clicking element 'id:Cadastros'.</msg>
<arg>id:Cadastros</arg>
<doc>Click the element identified by ``locator``.</doc>
<status status="PASS" start="2025-12-18T23:28:32.938916" elapsed="0.231461"/>
</kw>
<kw name="Wait Until Element Is Visible" owner="SeleniumLibrary">
<arg>id:Empresas</arg>
<arg>timeout=10s</arg>
<doc>Waits until the element ``locator`` is visible.</doc>
<status status="PASS" start="2025-12-18T23:28:33.171170" elapsed="0.039165"/>
</kw>
<kw name="Click Element" owner="SeleniumLibrary">
<msg time="2025-12-18T23:28:33.211340" level="INFO">Clicking element 'id:Empresas'.</msg>
<arg>id:Empresas</arg>
<doc>Click the element identified by ``locator``.</doc>
<status status="PASS" start="2025-12-18T23:28:33.210869" elapsed="0.160246"/>
</kw>
<kw name="Wait Until Location Is" owner="SeleniumLibrary">
<arg>${BASE_URL_UI}/company</arg>
<arg>timeout=10s</arg>
<doc>Waits until the current URL is ``expected``.</doc>
<status status="PASS" start="2025-12-18T23:28:33.371663" elapsed="6.633278"/>
</kw>
<kw name="Location Should Be" owner="SeleniumLibrary">
<msg time="2025-12-18T23:28:40.018178" level="INFO">Current location is 'https://blacklist.qacoders.dev.br/company'.</msg>
<arg>${BASE_URL_UI}/company</arg>
<doc>Verifies that the current URL is exactly ``url``.</doc>
<status status="PASS" start="2025-12-18T23:28:40.005410" elapsed="0.013290"/>
</kw>
<kw name="Wait Until Element Is Visible" owner="SeleniumLibrary">
<arg>xpath://h1[text()='Empresas']</arg>
<arg>timeout=10s</arg>
<doc>Waits until the element ``locator`` is visible.</doc>
<status status="PASS" start="2025-12-18T23:28:40.019173" elapsed="0.044955"/>
</kw>
<kw name="Element Text Should Be" owner="SeleniumLibrary">
<msg time="2025-12-18T23:28:40.065007" level="INFO">Verifying element 'xpath://h1[text()='Empresas']' contains exact text 'Empresas'.</msg>
<arg>xpath://h1[text()='Empresas']</arg>
<arg>Empresas</arg>
<doc>Verifies that element ``locator`` contains exact the text ``expected``.</doc>
<status status="PASS" start="2025-12-18T23:28:40.064592" elapsed="0.037943"/>
</kw>
<status status="PASS" start="2025-12-18T23:28:32.937685" elapsed="7.165370"/>
</kw>
<kw name="Editar Primeira Empresa" owner="company">
<kw name="Wait Until Element Is Visible" owner="SeleniumLibrary">
<arg>xpath:(//button[text()='Editar'])[1]</arg>
<arg>timeout=10s</arg>
<doc>Waits until the element ``locator`` is visible.</doc>
<status status="PASS" start="2025-12-18T23:28:40.105370" elapsed="0.043765"/>
</kw>
<kw name="Click Button" owner="SeleniumLibrary">
<msg time="2025-12-18T23:28:40.150176" level="INFO">Clicking button 'xpath:(//button[text()='Editar'])[1]'.</msg>
<arg>xpath:(//button[text()='Editar'])[1]</arg>
<doc>Clicks the button identified by ``locator``.</doc>
<status status="PASS" start="2025-12-18T23:28:40.149709" elapsed="0.254118"/>
</kw>
<kw name="Wait Until Element Is Visible" owner="SeleniumLibrary">
<arg>xpath://*[text()='Editar Cadastro']</arg>
<arg>timeout=10s</arg>
<doc>Waits until the element ``locator`` is visible.</doc>
<status status="PASS" start="2025-12-18T23:28:40.404313" elapsed="0.070491"/>
</kw>
<kw name="Sleep" owner="BuiltIn">
<msg time="2025-12-18T23:28:42.477907" level="INFO">Slept 2 seconds.</msg>
<arg>2s</arg>
<doc>Pauses the test executed for the given time.</doc>
<status status="PASS" start="2025-12-18T23:28:40.475545" elapsed="2.002867"/>
</kw>
<kw name="Gerar Empresa" owner="generate_random_data">
<kw name="Create Dictionary" owner="BuiltIn">
<msg time="2025-12-18T23:28:42.481287" level="INFO">${empresa_dados} = {'razao_social': 'Rita e Lucas Alimentos ME', 'nome_fantasia': 'Rita e Lucas Alimentos ME', 'email': 'faleconosco@ritaelucasalimentosme.com.br', 'cnpj': '34575708000192', 'telefone': '1137497251', 'no...</msg>
<var>${empresa_dados}</var>
<arg>razao_social=Rita e Lucas Alimentos ME</arg>
<arg>nome_fantasia=Rita e Lucas Alimentos ME</arg>
<arg>email=faleconosco@ritaelucasalimentosme.com.br</arg>
<arg>cnpj=34575708000192</arg>
<arg>telefone=1137497251</arg>
<arg>nome_responsavel=joana</arg>
<arg>descricao=servicos de tecnologia</arg>
<arg>cep=06814275</arg>
<arg>pais=Brasil</arg>
<arg>estado=SP</arg>
<arg>bairro=Jardim Jurema</arg>
<arg>rua=Rua Augusto de Almeida Batista</arg>
<arg>numero_imovel=177</arg>
<arg>complemento=complemento empresa</arg>
<arg>cidade=Sao Paulo</arg>
<doc>Creates and returns a dictionary based on the given ``items``.</doc>
<status status="PASS" start="2025-12-18T23:28:42.479947" elapsed="0.002830"/>
</kw>
<return>
<value>${empresa_dados}</value>
<status status="PASS" start="2025-12-18T23:28:42.483324" elapsed="0.000668"/>
</return>
<msg time="2025-12-18T23:28:42.484825" level="INFO">${nova_empresa} = {'razao_social': 'Rita e Lucas Alimentos ME', 'nome_fantasia': 'Rita e Lucas Alimentos ME', 'email': 'faleconosco@ritaelucasalimentosme.com.br', 'cnpj': '34575708000192', 'telefone': '1137497251', 'no...</msg>
<var>${nova_empresa}</var>
<doc>Gera dados de empresa aleatórios através da API 4devs</doc>
<status status="PASS" start="2025-12-18T23:28:42.479008" elapsed="0.006262"/>
</kw>
<kw name="Preencher Razao Social" owner="company">
<kw name="Wait Until Element Is Visible" owner="SeleniumLibrary">
<arg>id:companyName</arg>
<arg>timeout=10s</arg>
<doc>Waits until the element ``locator`` is visible.</doc>
<status status="PASS" start="2025-12-18T23:28:42.489189" elapsed="0.106046"/>
</kw>
<kw name="Input Text" owner="SeleniumLibrary">
<msg time="2025-12-18T23:28:42.596649" level="INFO">Typing text 'Rita e Lucas Alimentos ME' into text field 'id:companyName'.</msg>
<arg>id:companyName</arg>
<arg>${companyName}</arg>
<doc>Types the given ``text`` into the text field identified by ``locator``.</doc>
<status status="PASS" start="2025-12-18T23:28:42.595877" elapsed="0.344225"/>
</kw>
<arg>${nova_empresa['razao_social']}</arg>
<status status="PASS" start="2025-12-18T23:28:42.486019" elapsed="0.454678"/>
</kw>
<kw name="Preencher Nome Fantasia" owner="company">
<kw name="Wait Until Element Is Visible" owner="SeleniumLibrary">
<arg>id:fantasyName</arg>
<arg>timeout=10s</arg>
<doc>Waits until the element ``locator`` is visible.</doc>
<status status="PASS" start="2025-12-18T23:28:42.943554" elapsed="0.062084"/>
</kw>
<kw name="Input Text" owner="SeleniumLibrary">
<msg time="2025-12-18T23:28:43.007015" level="INFO">Typing text 'Rita e Lucas Alimentos ME' into text field 'id:fantasyName'.</msg>
<arg>id:fantasyName</arg>
<arg>${fantasyName}</arg>
<doc>Types the given ``text`` into the text field identified by ``locator``.</doc>
<status status="PASS" start="2025-12-18T23:28:43.006213" elapsed="0.339434"/>
</kw>
<arg>${nova_empresa['nome_fantasia']}</arg>
<status status="PASS" start="2025-12-18T23:28:42.941377" elapsed="0.404802"/>
</kw>
<kw name="Wait Until Element Is Visible" owner="SeleniumLibrary">
<arg>xpath://button[text()='Salvar']</arg>
<arg>timeout=10s</arg>
<doc>Waits until the element ``locator`` is visible.</doc>
<status status="PASS" start="2025-12-18T23:28:43.353137" elapsed="0.056208"/>
</kw>
<kw name="Wait Until Element Is Enabled" owner="SeleniumLibrary">
<arg>xpath://button[text()='Salvar']</arg>
<arg>timeout=10s</arg>
<doc>Waits until the element ``locator`` is enabled.</doc>
<status status="PASS" start="2025-12-18T23:28:43.409893" elapsed="0.078267"/>
</kw>
<kw name="Click Element" owner="SeleniumLibrary">
<msg time="2025-12-18T23:28:43.489345" level="INFO">Clicking element 'xpath://button[text()='Salvar']'.</msg>
<arg>xpath://button[text()='Salvar']</arg>
<doc>Click the element identified by ``locator``.</doc>
<status status="PASS" start="2025-12-18T23:28:43.488630" elapsed="0.181594"/>
</kw>
<kw name="Run Keyword And Return Status" owner="BuiltIn">
<kw name="Wait Until Element Is Not Visible" owner="SeleniumLibrary">
<msg time="2025-12-18T23:28:48.834035" level="INFO" html="true">&lt;/td&gt;&lt;/tr&gt;&lt;tr&gt;&lt;td colspan="3"&gt;&lt;a href="selenium-screenshot-7.png"&gt;&lt;img src="selenium-screenshot-7.png" width="800px"&gt;&lt;/a&gt;</msg>
<msg time="2025-12-18T23:28:48.834604" level="FAIL">Element 'xpath://*[text()='Editar Cadastro']' still visible after 5 seconds.</msg>
<arg>xpath://*[text()='Editar Cadastro']</arg>
<arg>timeout=5s</arg>
<doc>Waits until the element ``locator`` is not visible.</doc>
<status status="FAIL" start="2025-12-18T23:28:43.671807" elapsed="5.169721">Element 'xpath://*[text()='Editar Cadastro']' still visible after 5 seconds.</status>
</kw>
<msg time="2025-12-18T23:28:48.842068" level="INFO">${status_modal} = False</msg>
<var>${status_modal}</var>
<arg>Wait Until Element Is Not Visible</arg>
<arg>xpath://*[text()='Editar Cadastro']</arg>
<arg>timeout=5s</arg>
<doc>Runs the given keyword with given arguments and returns the status as a Boolean value.</doc>
<status status="PASS" start="2025-12-18T23:28:43.670916" elapsed="5.171351"/>
</kw>
<kw name="Run Keyword If" owner="BuiltIn">
<kw name="Capture Page Screenshot" owner="SeleniumLibrary">
<msg time="2025-12-18T23:28:48.960222" level="INFO" html="true">&lt;/td&gt;&lt;/tr&gt;&lt;tr&gt;&lt;td colspan="3"&gt;&lt;a href="erro_modal_nao_fechou.png"&gt;&lt;img src="erro_modal_nao_fechou.png" width="800px"&gt;&lt;/a&gt;</msg>
<arg>filename=erro_modal_nao_fechou.png</arg>
<doc>Takes a screenshot of the current page and embeds it into a log file.</doc>
<status status="PASS" start="2025-12-18T23:28:48.843538" elapsed="0.117348"/>
</kw>
<arg>'${status_modal}' == 'False'</arg>
<arg>Capture Page Screenshot</arg>
<arg>filename=erro_modal_nao_fechou.png</arg>
<doc>Runs the given keyword with the given arguments, if ``condition`` is true.</doc>
<status status="PASS" start="2025-12-18T23:28:48.842752" elapsed="0.118541"/>
</kw>
<kw name="Run Keyword If" owner="BuiltIn">
<kw name="Fail" owner="BuiltIn">
<msg time="2025-12-18T23:28:48.963394" level="FAIL">O modal nao fechou. Verifique se ha campos invalidos (ver print erro_modal_nao_fechou.png).</msg>
<arg>O modal nao fechou. Verifique se ha campos invalidos (ver print erro_modal_nao_fechou.png).</arg>
<doc>Fails the test with the given message and optionally alters its tags.</doc>
<status status="FAIL" start="2025-12-18T23:28:48.962747" elapsed="0.004609">O modal nao fechou. Verifique se ha campos invalidos (ver print erro_modal_nao_fechou.png).</status>
</kw>
<arg>'${status_modal}' == 'False'</arg>
<arg>Fail</arg>
<arg>O modal nao fechou. Verifique se ha campos invalidos (ver print erro_modal_nao_fechou.png).</arg>
<doc>Runs the given keyword with the given arguments, if ``condition`` is true.</doc>
<status status="FAIL" start="2025-12-18T23:28:48.961807" elapsed="0.006016">O modal nao fechou. Verifique se ha campos invalidos (ver print erro_modal_nao_fechou.png).</status>
</kw>
<kw name="Validar Edicao Na Lista" owner="company">
<arg>${nova_empresa['razao_social']}</arg>
<status status="NOT RUN" start="2025-12-18T23:28:48.968985" elapsed="0.000601"/>
</kw>
<doc>Edita a primeira empresa e garante o salvamento.</doc>
<status status="FAIL" start="2025-12-18T23:28:40.104330" elapsed="8.865962">O modal nao fechou. Verifique se ha campos invalidos (ver print erro_modal_nao_fechou.png).</status>
</kw>
<kw name="Fechar Navegador" owner="common" type="TEARDOWN">
<kw name="Close Browser" owner="SeleniumLibrary">
<doc>Closes the current browser.</doc>
<status status="PASS" start="2025-12-18T23:28:48.973098" elapsed="2.447958"/>
</kw>
<status status="PASS" start="2025-12-18T23:28:48.972099" elapsed="2.449329"/>
</kw>
<status status="FAIL" start="2025-12-18T23:28:25.572371" elapsed="25.849740">O modal nao fechou. Verifique se ha campos invalidos (ver print erro_modal_nao_fechou.png).</status>
</test>
<status status="FAIL" start="2025-12-18T23:28:24.368479" elapsed="27.056092"/>
</suite>
<statistics>
<total>
<stat pass="0" fail="1" skip="0">All Tests</stat>
</total>
<tag>
</tag>
<suite>
<stat name="Company" id="s1" pass="0" fail="1" skip="0">Company</stat>
</suite>
</statistics>
<errors>
</errors>
</robot>
